(Python) Starting loop calling C++ function scheduling asynchronous calculations... 
(Python) Running async iteration 0... 
(Python) Running async iteration 1... 
(Python) Running async iteration 2... 
(C++) Function call #0 on thread # 1(tid: 0x700009899000). function: fibonacci(0)... 
(Python) Running async iteration 3... 
(Python) Running async iteration 4... 
(C++) Function call #1 on thread # 2(tid: 0x70000991c000). function: fibonacci(1)... 
(C++) (C++) Function Function (C++) (Python) call call Function Running #2 #3 call async on on #4 iteration thread thread on 5... # # thread 
3(tid: 4(tid: # 0x70000999f000). (Python) 0x700009a22000). 5(tid: function: (C++) Running function: 0x700009aa5000). fibonacci(2)... Function async fibonacci(3)... function: 
call iteration 
fibonacci(4)... #5 6... 
on 
thread # 6(tid: 0x700009b28000). function: fibonacci(5)... 
(C++) Function call #6 on thread # 7(tid: 0x700009bab000). function: fibonacci(6)... 
(Python) Running async iteration 7... 
(Python) Running async iteration 8... 
(Python) Running async iteration 9... 
(C++) (C++) Function (Python) Function (C++) call Running call Function #8 async #7 call on iteration on #9 thread 10... thread on # 
# thread 9(tid: 8(tid: # 0x700009cb1000). 0x700009c2e000). (Python) (C++) 10(tid: function: function: Running Function 0x700009d34000). fibonacci(8)... fibonacci(7)... async call function: 

iteration #10 fibonacci(9)... 11... on 

thread # 11(tid: 0x700009db7000). function: fibonacci(10)... 
(Python) Running async iteration 12... 
(C++) Function call #11 on thread # 12(tid: 0x700009e3a000). function: fibonacci(11)... 
(Python) Running async iteration 13... 
(C++) Function call #12 on thread # 13(tid: 0x700009ebd000). function: fibonacci(12)... 
(Python) Running async iteration 14... 
(C++) Function call #13 on thread # 14(tid: 0x700009f40000). function: fibonacci(13)... 
(C++) Function call #14 on thread # 15(tid: 0x700009fc3000). function: fibonacci(14)... 
(Python) Running async iteration 15... 
(Python) Running async iteration 16... 
(C++) Function call #15 on thread # 16(tid: 0x70000a046000). function: fibonacci(15)... 
(Python) Running async iteration 17... 
(C++) Function call #16 on thread # 17(tid: 0x70000a0c9000). function: fibonacci(16)... 
(Python) Running async iteration 18... 
(C++) Function call #17 on thread # 18(tid: 0x70000a14c000). function: fibonacci(17)... 
(Python) Running async iteration 19... 
(C++) Function call #18 on (Python) thread Running (C++) # async Function 19(tid: iteration call 0x70000a1cf000). 20... #19 function: 
on fibonacci(18)... thread 
# (Python) 20(tid: Running (C++) 0x70000a252000). async Function function: iteration call fibonacci(19)... 21... #20 

on thread # 21(tid: 0x70000a2d5000). function: fibonacci(20)... 
(C++) Function (Python) call Running #21 async iteration 22... 
on thread # 22(tid: 0x70000a358000). function: fibonacci(21)... 
(Python) Running async iteration 23... 
(Python) Running async iteration 24... 
(C++) Function call #22 on thread # 23(tid: 0x70000a3db000). function: fibonacci(22)... 
(Python) Running async iteration 25... 
(C++) Function call #23 on thread # 24(tid: 0x70000a45e000). function: (C++) (Python) fibonacci(23)... Function Running (C++) 
call async Function #24 iteration call on 26... #25 thread 
on # thread # 26(tid: 25(tid: 0x70000a564000). (Python) (C++) 0x70000a4e1000). function: Running Function function: fibonacci(25)... async call fibonacci(24)... 
iteration #26 
27... on 
thread # 27(tid: 0x70000a5e7000). function: fibonacci(26)... 
(Python) Running async iteration 28... 
(C++) Function call #27 on thread # 28(tid: 0x70000a66a000). function: fibonacci(27)... 
(Python) (C++) Running Function async call iteration #28 29... on 
thread # 29(tid: 0x70000a6ed000). function: fibonacci(28)... 
(Python) Running async iteration 30... 
(C++) Function call #29 on thread # 30(tid: 0x70000a770000). function: fibonacci(29)... 
(Python) Running async iteration 31... 
(Python) Running async iteration 32... 
(C++) Function call #30 on thread # 31(tid: 0x70000a7f3000). function: fibonacci(30)... 
(Python) Running async iteration 33... 
(Python) Running async iteration 34... 
(Python) Running async iteration 35... 
(Python) Running async iteration 36... 
(Python) Running async iteration 37... 
(C++) Function call #31 on thread # 32(tid: 0x70000a876000). function: fibonacci(31)... 
(Python) Running async iteration 38... 
(Python) Running async iteration 39... 
(Python) Running async iteration 40... 
(Python) Running async iteration 41... 
(Python) Running async iteration 42... 
(Python) Running async iteration 43... 
(C++) Function call #32 on thread # 33(tid: 0x70000a8f9000). function: fibonacci(32)... 
(Python) Running async iteration 44... 
(Python) Running async iteration 45... 
(Python) Running async iteration 46... 
(Python) Running async iteration 47... 
(Python) Running async iteration 48... 
(Python) Running async iteration 49... 
(Python) Running async iteration 50... 
(Python) Running async iteration 51... 
(Python) Running async iteration 52... 
(Python) Running async iteration 53... 
(Python) Running async iteration 54... 
(Python) Running async iteration 55... 
(Python) Running async iteration 56... 
(Python) Running async iteration 57... 
(Python) Running async iteration 58... 
(Python) Running async iteration 59... 
(Python) Running async iteration 60... 
(Python) Running async iteration 61... 
(Python) Running async iteration 62... 
(Python) Running async iteration 63... 
(Python) Running async iteration 64... 
(C++) Function call #33 on thread # 34(tid: 0x70000a97c000). function: fibonacci(33)... 
(Python) Running async iteration 65... 
(Python) Running async iteration 66... 
(Python) Running async iteration 67... 
(Python) Running async iteration 68... 
(Python) Running async iteration 69... 
(Python) Running async iteration 70... 
(Python) Running async iteration 71... 
(Python) Running async iteration 72... 
(Python) Running async iteration 73... 
(C++) Function call #34 on thread # 35(tid: 0x70000a9ff000). function: fibonacci(34)... 
(Python) Running async iteration 74... 
(Python) Running async iteration 75... 
(Python) Running async iteration 76... 
(Python) Running async iteration 77... 
(Python) Running async iteration 78... 
(Python) Running async iteration 79... 
(Python) Running async iteration 80... 
(Python) Running async iteration 81... 
(Python) Running async iteration 82... 
(Python) Running async iteration 83... 
(Python) Running async iteration 84... 
(Python) Running async iteration 85... 
(Python) Running async iteration 86... 
(Python) Running async iteration 87... 
(Python) Running async iteration 88... 
(Python) Running async iteration 89... 
(Python) Running async iteration 90... 
(C++) Function call #35 on thread # 36(tid: 0x70000aa82000). function: fibonacci(35)... 
(Python) Running async iteration 91... 
(Python) Running async iteration 92... 
(Python) Running async iteration 93... 
(Python) Running async iteration 94... 
(Python) Running async iteration 95... 
(Python) Running async iteration 96... 
(Python) Running async iteration 97... 
(Python) Running async iteration 98... 
(Python) Running async iteration 99... 
(Python) Finished any calls to C++ code... Any future C++ output demonstrates C++ running in the background alongside Python... 
(Python) Getting future for 0... 
(Python) Getting future for 1... 
(Python) Getting future for 2... 
(Python) Getting future for 3... 
(Python) Getting future for 4... 
(Python) Getting future for 5... 
(Python) Getting future for 6... 
(Python) Getting future for 7... 
(Python) Getting future for 8... 
(Python) Getting future for 9... 
(Python) Getting future for 10... 
(Python) Getting future for 11... 
(Python) Getting future for 12... 
(Python) Getting future for 13... 
(Python) Getting future for 14... 
(Python) Getting future for 15... 
(Python) Getting future for 16... 
(Python) Getting future for 17... 
(Python) Getting future for 18... 
(Python) Getting future for 19... 
(Python) Getting future for 20... 
(Python) Getting future for 21... 
(Python) Getting future for 22... 
(Python) Getting future for 23... 
(Python) Getting future for 24... 
(Python) Getting future for 25... 
(Python) Getting future for 26... 
(Python) Getting future for 27... 
(Python) Getting future for 28... 
(Python) Getting future for 29... 
(C++) Function call #36 on thread # 37(tid: 0x70000ab05000). function: fibonacci(36)... 
(C++) Function call #37 on thread # 38(tid: 0x70000ab88000). function: fibonacci(37)... 
(C++) Function call #38 on thread # 39(tid: 0x70000ac0b000). function: fibonacci(38)... 
(C++) Function call #39 on thread # 40(tid: 0x70000ac8e000). function: fibonacci(39)... 
(C++) Function call #40 on thread # 41(tid: 0x70000ad11000). function: fibonacci(40)... 
(C++) Function call #41 on thread # 42(tid: 0x70000ad94000). function: fibonacci(41)... 
(C++) Function call #42 on thread # 43(tid: 0x70000ae17000). function: fibonacci(42)... 
(C++) Function call #43 on thread # 44(tid: 0x70000ae9a000). function: fibonacci(43)... 
(C++) Function call #44 on thread # 45(tid: 0x70000af1d000). function: fibonacci(0)... 
(C++) Function call #45 on thread # 46(tid: 0x70000afa0000). function: fibonacci(1)... 
(C++) Function call #46 on thread # 47(tid: 0x70000b023000). function: fibonacci(2)... 
(C++) Function call #47 on thread # 48(tid: 0x70000b0a6000). function: fibonacci(3)... 
(C++) Function call #48 on thread # 49(tid: 0x70000b129000). function: fibonacci(4)... 
(C++) Function call #49 on thread # 50(tid: 0x70000b1ac000). function: fibonacci(5)... 
(C++) Function call #50 on thread # 51(tid: 0x70000b22f000). function: fibonacci(6)... 
(C++) Function call #51 on thread # 52(tid: 0x70000b2b2000). function: fibonacci(7)... 
(C++) Function call #52 on thread # 53(tid: 0x70000b335000). function: fibonacci(8)... 
(C++) Function call #53 on thread # 54(tid: 0x70000b3b8000). function: fibonacci(9)... 
(C++) Function call #54 on thread # 55(tid: 0x70000b43b000). function: fibonacci(10)... 
(C++) Function call #55 on thread # 56(tid: 0x70000b4be000). function: fibonacci(11)... 
(C++) (C++) (C++) (C++) (C++) (C++) (C++) (C++) (C++) (C++) (C++) (C++) (C++) (C++) (C++) (C++) (C++) (C++) (C++) (C++) (C++) (C++) (C++) (C++) (C++) (C++) (C++) (C++) (C++) (C++) (C++) (C++) (C++) (C++) (C++) (C++) (C++) (C++) (C++) (C++) (C++) (C++) (C++) (C++) (Python) Function Function Function Function Function Function Function Function Function Function Function Function Function Function Function Function Function Function Function Function Function Function Function Function Function Function Function Function Function Function Function Function Function Function Function Function Function Function Function Function Function Function Function Function call Getting call call call call call call call call call call call call call call call call call call call call call call call call call call call call call call call call call call call call call call call call call call call #56 future #57 #58 #59 #60 #61 #62 #63 #64 #65 #66 #67 #68 #69 #70 #71 #72 #73 #74 #75 #76 #77 #78 #79 #80 #81 #82 #83 #84 #85 #86 #87 #88 #89 #90 #91 #92 #93 #94 #95 #96 #97 #98 #99 on for on on on on on on on on on on on on on on on on on on on on on on on on on on on on on on on on on on on on on on on on on on on thread 30... thread thread thread thread thread thread thread thread thread thread thread thread thread thread thread thread thread thread thread thread thread thread thread thread thread thread thread thread thread thread thread thread thread thread thread thread thread thread thread thread thread thread thread # 
# # # # # # # # # # # # # # # # # # # # # # # # # # # # # # # # # # # # # # # # # # # 57(tid: 58(tid: 59(tid: 60(tid: 61(tid: 62(tid: 63(tid: 64(tid: 65(tid: 66(tid: 67(tid: 68(tid: 69(tid: 70(tid: 71(tid: 72(tid: 73(tid: 74(tid: 75(tid: 76(tid: 77(tid: 78(tid: 79(tid: 80(tid: 81(tid: 82(tid: 83(tid: 84(tid: 85(tid: 86(tid: 87(tid: 88(tid: 89(tid: 90(tid: 91(tid: (Python) 92(tid: 93(tid: 94(tid: 95(tid: 96(tid: 97(tid: 98(tid: 99(tid: 100(tid: 0x70000b541000). 0x70000b5c4000). 0x70000b647000). 0x70000b6ca000). 0x70000b74d000). 0x70000b7d0000). 0x70000b853000). 0x70000b8d6000). 0x70000b959000). 0x70000b9dc000). 0x70000ba5f000). 0x70000bae2000). 0x70000bb65000). 0x70000bbe8000). 0x70000bc6b000). 0x70000bcee000). 0x70000bd71000). 0x70000bdf4000). 0x70000be77000). 0x70000befa000). 0x70000bf7d000). 0x70000c000000). 0x70000c083000). 0x70000c106000). 0x70000c189000). 0x70000c20c000). 0x70000c28f000). 0x70000c312000). 0x70000c395000). 0x70000c418000). 0x70000c49b000). 0x70000c51e000). 0x70000c5a1000). 0x70000c624000). 0x70000c6a7000). Getting 0x70000c72a000). 0x70000c7ad000). 0x70000c830000). 0x70000c8b3000). 0x70000c936000). 0x70000c9b9000). 0x70000ca3c000). 0x70000cabf000). 0x70000cb42000). function: function: function: function: function: function: function: function: function: function: function: function: function: function: function: function: function: function: function: function: function: function: function: function: function: function: function: function: function: function: function: function: function: function: function: future function: function: function: function: function: function: function: function: function: fibonacci(12)... fibonacci(13)... fibonacci(14)... fibonacci(15)... fibonacci(16)... fibonacci(17)... fibonacci(18)... fibonacci(19)... fibonacci(20)... fibonacci(21)... fibonacci(22)... fibonacci(23)... fibonacci(24)... fibonacci(25)... fibonacci(26)... fibonacci(27)... fibonacci(28)... fibonacci(29)... fibonacci(30)... fibonacci(31)... fibonacci(32)... fibonacci(33)... fibonacci(34)... fibonacci(35)... fibonacci(36)... fibonacci(37)... fibonacci(38)... fibonacci(39)... fibonacci(40)... fibonacci(41)... fibonacci(42)... fibonacci(43)... fibonacci(0)... fibonacci(1)... fibonacci(2)... for fibonacci(3)... fibonacci(4)... fibonacci(5)... fibonacci(6)... fibonacci(7)... fibonacci(8)... fibonacci(9)... fibonacci(10)... fibonacci(11)... 


































31... 









(Python) Getting future for 32... 
(Python) Getting future for 33... 
(Python) Getting future for 34... 
(Python) Getting future for 35... 
(Python) Getting future for 36... 
(Python) Getting future for 37... 
(Python) Getting future for 38... 
(Python) Getting future for 39... 
(Python) Getting future for 40... 
(Python) Getting future for 41... 
(Python) Getting future for 42... 
(Python) Getting future for 43... 
(Python) Getting future for 44... 
(Python) Getting future for 45... 
(Python) Getting future for 46... 
(Python) Getting future for 47... 
(Python) Getting future for 48... 
(Python) Getting future for 49... 
(Python) Getting future for 50... 
(Python) Getting future for 51... 
(Python) Getting future for 52... 
(Python) Getting future for 53... 
(Python) Getting future for 54... 
(Python) Getting future for 55... 
(Python) Getting future for 56... 
(Python) Getting future for 57... 
(Python) Getting future for 58... 
(Python) Getting future for 59... 
(Python) Getting future for 60... 
(Python) Getting future for 61... 
(Python) Getting future for 62... 
(Python) Getting future for 63... 
(Python) Getting future for 64... 
(Python) Getting future for 65... 
(Python) Getting future for 66... 
(Python) Getting future for 67... 
(Python) Getting future for 68... 
(Python) Getting future for 69... 
(Python) Getting future for 70... 
(Python) Getting future for 71... 
(Python) Getting future for 72... 
(Python) Getting future for 73... 
(Python) Getting future for 74... 
(Python) Getting future for 75... 
(Python) Getting future for 76... 
(Python) Getting future for 77... 
(Python) Getting future for 78... 
(Python) Getting future for 79... 
(Python) Getting future for 80... 
(Python) Getting future for 81... 
(Python) Getting future for 82... 
(Python) Getting future for 83... 
(Python) Getting future for 84... 
(Python) Getting future for 85... 
(Python) Getting future for 86... 
(Python) Getting future for 87... 
(Python) Getting future for 88... 
(Python) Getting future for 89... 
(Python) Getting future for 90... 
(Python) Getting future for 91... 
(Python) Getting future for 92... 
(Python) Getting future for 93... 
(Python) Getting future for 94... 
(Python) Getting future for 95... 
(Python) Getting future for 96... 
(Python) Getting future for 97... 
(Python) Getting future for 98... 
(Python) Getting future for 99... 

(Python) Sum = 2269806570 

CPU time : 10.507288 seconds 
Wall time : 1.986213 seconds 

% CPU : 529.01% 
